<?xml version="1.0" encoding="UTF-8"?>
<robot generator="Robot 4.1.2 (Python 3.9.8 on darwin)" generated="20220120 18:19:50.896" rpa="false" schemaversion="2">
<suite id="s1" name="1 Test" source="/Users/admin/PycharmProjects/thetestingworld/test_cases/1_test.robot">
<test id="s1-t1" name="Signup test case">
<kw name="Open browser and maximize" library="resourses" type="SETUP">
<arg>${user_url}</arg>
<arg>${user_browser}</arg>
<kw name="Open Browser" library="SeleniumLibrary">
<arg>${user_url}</arg>
<arg>${user_browser}</arg>
<doc>Opens a new browser instance to the optional ``url``.</doc>
<msg timestamp="20220120 18:19:51.284" level="INFO">Opening browser 'Chrome' to base url 'https://www.thetestingworld.com/testings/'.</msg>
<status status="PASS" starttime="20220120 18:19:51.284" endtime="20220120 18:19:58.598"/>
</kw>
<kw name="Maximize Browser Window" library="SeleniumLibrary">
<doc>Maximizes current browser window.</doc>
<status status="PASS" starttime="20220120 18:19:58.599" endtime="20220120 18:19:58.759"/>
</kw>
<kw name="Log" library="BuiltIn">
<arg>Starting test in ${user_browser}</arg>
<doc>Logs the given message with the given level.</doc>
<msg timestamp="20220120 18:19:58.760" level="INFO">Starting test in Chrome</msg>
<status status="PASS" starttime="20220120 18:19:58.759" endtime="20220120 18:19:58.760"/>
</kw>
<kw name="Log" library="BuiltIn">
<arg>Test Url: ${user_url}</arg>
<doc>Logs the given message with the given level.</doc>
<msg timestamp="20220120 18:19:58.760" level="INFO">Test Url: https://www.thetestingworld.com/testings/</msg>
<status status="PASS" starttime="20220120 18:19:58.760" endtime="20220120 18:19:58.760"/>
</kw>
<status status="PASS" starttime="20220120 18:19:51.283" endtime="20220120 18:19:58.761"/>
</kw>
<kw name="Signup to webpage" library="resourses">
<kw name="Input Text" library="SeleniumLibrary">
<arg>xpath://*[@id="tab-content1"]/form/input[2]</arg>
<arg>username</arg>
<doc>Types the given ``text`` into the text field identified by ``locator``.</doc>
<msg timestamp="20220120 18:19:58.762" level="INFO">Typing text 'username' into text field 'xpath://*[@id="tab-content1"]/form/input[2]'.</msg>
<status status="PASS" starttime="20220120 18:19:58.762" endtime="20220120 18:19:58.992"/>
</kw>
<kw name="Log" library="BuiltIn">
<arg>Username:${username}</arg>
<doc>Logs the given message with the given level.</doc>
<msg timestamp="20220120 18:19:58.993" level="INFO">Username:John-the-first</msg>
<status status="PASS" starttime="20220120 18:19:58.992" endtime="20220120 18:19:58.993"/>
</kw>
<kw name="Input Text" library="SeleniumLibrary">
<arg>xpath://*[@id="tab-content1"]/form/input[3]</arg>
<arg>email</arg>
<doc>Types the given ``text`` into the text field identified by ``locator``.</doc>
<msg timestamp="20220120 18:19:58.993" level="INFO">Typing text 'email' into text field 'xpath://*[@id="tab-content1"]/form/input[3]'.</msg>
<status status="PASS" starttime="20220120 18:19:58.993" endtime="20220120 18:19:59.111"/>
</kw>
<kw name="Log" library="BuiltIn">
<arg>Email:${email}</arg>
<doc>Logs the given message with the given level.</doc>
<msg timestamp="20220120 18:19:59.113" level="INFO">Email:suede_shoe@example.com</msg>
<status status="PASS" starttime="20220120 18:19:59.112" endtime="20220120 18:19:59.113"/>
</kw>
<kw name="Input Password" library="SeleniumLibrary">
<arg>xpath://*[@id="tab-content1"]/form/input[4]</arg>
<arg>password</arg>
<doc>Types the given password into the text field identified by ``locator``.</doc>
<msg timestamp="20220120 18:19:59.113" level="INFO">Typing password into text field 'xpath://*[@id="tab-content1"]/form/input[4]'.</msg>
<msg timestamp="20220120 18:19:59.170" level="INFO">Temporally setting log level to: NONE</msg>
<msg timestamp="20220120 18:19:59.240" level="INFO">Log level changed from NONE to INFO.</msg>
<status status="PASS" starttime="20220120 18:19:59.113" endtime="20220120 18:19:59.240"/>
</kw>
<kw name="Log" library="BuiltIn">
<arg>Password:${password}</arg>
<doc>Logs the given message with the given level.</doc>
<msg timestamp="20220120 18:19:59.240" level="INFO">Password:QwQ1A2nbvcx</msg>
<status status="PASS" starttime="20220120 18:19:59.240" endtime="20220120 18:19:59.241"/>
</kw>
<kw name="Input Password" library="SeleniumLibrary">
<arg>xpath://*[@id="tab-content1"]/form/input[5]</arg>
<arg>password</arg>
<doc>Types the given password into the text field identified by ``locator``.</doc>
<msg timestamp="20220120 18:19:59.241" level="INFO">Typing password into text field 'xpath://*[@id="tab-content1"]/form/input[5]'.</msg>
<msg timestamp="20220120 18:19:59.292" level="INFO">Temporally setting log level to: NONE</msg>
<msg timestamp="20220120 18:19:59.365" level="INFO">Log level changed from NONE to INFO.</msg>
<status status="PASS" starttime="20220120 18:19:59.241" endtime="20220120 18:19:59.365"/>
</kw>
<kw name="Input Text" library="SeleniumLibrary">
<arg>id:datepicker</arg>
<arg>birth_date</arg>
<doc>Types the given ``text`` into the text field identified by ``locator``.</doc>
<msg timestamp="20220120 18:19:59.365" level="INFO">Typing text 'birth_date' into text field 'id:datepicker'.</msg>
<status status="PASS" starttime="20220120 18:19:59.365" endtime="20220120 18:19:59.551"/>
</kw>
<kw name="Log" library="BuiltIn">
<arg>Birth date:${date_birth}</arg>
<doc>Logs the given message with the given level.</doc>
<msg timestamp="20220120 18:19:59.552" level="INFO">Birth date:01/25/1990</msg>
<status status="PASS" starttime="20220120 18:19:59.551" endtime="20220120 18:19:59.552"/>
</kw>
<kw name="Input Text" library="SeleniumLibrary">
<arg>xpath://*[@id="tab-content1"]/form/input[7]</arg>
<arg>phone</arg>
<doc>Types the given ``text`` into the text field identified by ``locator``.</doc>
<msg timestamp="20220120 18:19:59.553" level="INFO">Typing text 'phone' into text field 'xpath://*[@id="tab-content1"]/form/input[7]'.</msg>
<status status="PASS" starttime="20220120 18:19:59.552" endtime="20220120 18:19:59.708"/>
</kw>
<kw name="Log" library="BuiltIn">
<arg>Phone: ${phone}</arg>
<doc>Logs the given message with the given level.</doc>
<msg timestamp="20220120 18:19:59.709" level="INFO">Phone: 1234567890</msg>
<status status="PASS" starttime="20220120 18:19:59.708" endtime="20220120 18:19:59.709"/>
</kw>
<kw name="Input Text" library="SeleniumLibrary">
<arg>xpath://*[@id="tab-content1"]/form/input[8]</arg>
<arg>address</arg>
<doc>Types the given ``text`` into the text field identified by ``locator``.</doc>
<msg timestamp="20220120 18:19:59.709" level="INFO">Typing text 'address' into text field 'xpath://*[@id="tab-content1"]/form/input[8]'.</msg>
<status status="PASS" starttime="20220120 18:19:59.709" endtime="20220120 18:19:59.847"/>
</kw>
<kw name="Log" library="BuiltIn">
<arg>Address: ${address}</arg>
<doc>Logs the given message with the given level.</doc>
<msg timestamp="20220120 18:19:59.847" level="INFO">Address: Albany, Wicked street, 125</msg>
<status status="PASS" starttime="20220120 18:19:59.847" endtime="20220120 18:19:59.847"/>
</kw>
<kw name="Select Radio Button" library="SeleniumLibrary">
<arg>add_type</arg>
<arg>home</arg>
<doc>Sets the radio button group ``group_name`` to ``value``.</doc>
<msg timestamp="20220120 18:19:59.848" level="INFO">Selecting 'home' from radio button 'add_type'.</msg>
<status status="PASS" starttime="20220120 18:19:59.848" endtime="20220120 18:19:59.930"/>
</kw>
<kw name="Select From List By Value" library="SeleniumLibrary">
<arg>xpath://*[@id="tab-content1"]/form/select[1]</arg>
<arg>1</arg>
<doc>Selects options from selection list ``locator`` by ``values``.</doc>
<msg timestamp="20220120 18:19:59.931" level="INFO">Selecting options from selection list 'xpath://*[@id="tab-content1"]/form/select[1]' by value 1.</msg>
<status status="PASS" starttime="20220120 18:19:59.930" endtime="20220120 18:20:00.058"/>
</kw>
<kw name="Select From List By Value" library="SeleniumLibrary">
<arg>id:countryId</arg>
<arg>231</arg>
<doc>Selects options from selection list ``locator`` by ``values``.</doc>
<msg timestamp="20220120 18:20:00.059" level="INFO">Selecting options from selection list 'id:countryId' by value 231.</msg>
<status status="PASS" starttime="20220120 18:20:00.059" endtime="20220120 18:20:00.182"/>
</kw>
<kw name="Set Browser Implicit Wait" library="SeleniumLibrary">
<arg>5</arg>
<doc>Sets the implicit wait value used by Selenium.</doc>
<status status="PASS" starttime="20220120 18:20:00.182" endtime="20220120 18:20:00.185"/>
</kw>
<kw name="Select From List By Value" library="SeleniumLibrary">
<arg>id:stateId</arg>
<arg>3924</arg>
<doc>Selects options from selection list ``locator`` by ``values``.</doc>
<msg timestamp="20220120 18:20:00.185" level="INFO">Selecting options from selection list 'id:stateId' by value 3924.</msg>
<status status="PASS" starttime="20220120 18:20:00.185" endtime="20220120 18:20:03.282"/>
</kw>
<kw name="Set Browser Implicit Wait" library="SeleniumLibrary">
<arg>5</arg>
<doc>Sets the implicit wait value used by Selenium.</doc>
<status status="PASS" starttime="20220120 18:20:03.282" endtime="20220120 18:20:03.284"/>
</kw>
<kw name="Select From List By Value" library="SeleniumLibrary">
<arg>id:cityId</arg>
<arg>42804</arg>
<doc>Selects options from selection list ``locator`` by ``values``.</doc>
<msg timestamp="20220120 18:20:03.284" level="INFO">Selecting options from selection list 'id:cityId' by value 42804.</msg>
<status status="PASS" starttime="20220120 18:20:03.284" endtime="20220120 18:20:06.472"/>
</kw>
<kw name="Input Text" library="SeleniumLibrary">
<arg>zip</arg>
<arg>xpath://*[@id="tab-content1"]/form/input[11]</arg>
<doc>Types the given ``text`` into the text field identified by ``locator``.</doc>
<msg timestamp="20220120 18:20:06.473" level="INFO">Typing text 'xpath://*[@id="tab-content1"]/form/input[11]' into text field 'zip'.</msg>
<status status="PASS" starttime="20220120 18:20:06.472" endtime="20220120 18:20:06.717"/>
</kw>
<kw name="Select Checkbox" library="SeleniumLibrary">
<arg>xpath://*[@id="tab-content1"]/form/div/input[1]</arg>
<doc>Selects the checkbox identified by ``locator``.</doc>
<msg timestamp="20220120 18:20:06.717" level="INFO">Selecting checkbox 'xpath://*[@id="tab-content1"]/form/div/input[1]'.</msg>
<status status="PASS" starttime="20220120 18:20:06.717" endtime="20220120 18:20:06.819"/>
</kw>
<kw name="Click Button" library="SeleniumLibrary">
<arg>xpath://*[@id="tab-content1"]/form/div/input[2]</arg>
<doc>Clicks the button identified by ``locator``.</doc>
<msg timestamp="20220120 18:20:06.820" level="INFO">Clicking button 'xpath://*[@id="tab-content1"]/form/div/input[2]'.</msg>
<status status="PASS" starttime="20220120 18:20:06.820" endtime="20220120 18:20:06.914"/>
</kw>
<status status="PASS" starttime="20220120 18:19:58.761" endtime="20220120 18:20:06.915"/>
</kw>
<kw name="Close browser and log" library="resourses" type="TEARDOWN">
<kw name="Close Browser" library="SeleniumLibrary">
<doc>Closes the current browser.</doc>
<status status="PASS" starttime="20220120 18:20:06.917" endtime="20220120 18:20:07.067"/>
</kw>
<kw name="Log" library="BuiltIn">
<arg>Finish test.</arg>
<doc>Logs the given message with the given level.</doc>
<msg timestamp="20220120 18:20:07.068" level="INFO">Finish test.</msg>
<status status="PASS" starttime="20220120 18:20:07.068" endtime="20220120 18:20:07.069"/>
</kw>
<status status="PASS" starttime="20220120 18:20:06.916" endtime="20220120 18:20:07.069"/>
</kw>
<tag>signup</tag>
<status status="PASS" starttime="20220120 18:19:51.282" endtime="20220120 18:20:07.070"/>
</test>
<test id="s1-t2" name="Login to webpage">
<kw name="Open browser and maximize" library="resourses" type="SETUP">
<arg>${user_url}</arg>
<arg>${user_browser}</arg>
<kw name="Open Browser" library="SeleniumLibrary">
<arg>${user_url}</arg>
<arg>${user_browser}</arg>
<doc>Opens a new browser instance to the optional ``url``.</doc>
<msg timestamp="20220120 18:20:07.079" level="INFO">Opening browser 'Chrome' to base url 'https://www.thetestingworld.com/testings/'.</msg>
<status status="PASS" starttime="20220120 18:20:07.077" endtime="20220120 18:20:11.229"/>
</kw>
<kw name="Maximize Browser Window" library="SeleniumLibrary">
<doc>Maximizes current browser window.</doc>
<status status="PASS" starttime="20220120 18:20:11.229" endtime="20220120 18:20:11.376"/>
</kw>
<kw name="Log" library="BuiltIn">
<arg>Starting test in ${user_browser}</arg>
<doc>Logs the given message with the given level.</doc>
<msg timestamp="20220120 18:20:11.377" level="INFO">Starting test in Chrome</msg>
<status status="PASS" starttime="20220120 18:20:11.376" endtime="20220120 18:20:11.377"/>
</kw>
<kw name="Log" library="BuiltIn">
<arg>Test Url: ${user_url}</arg>
<doc>Logs the given message with the given level.</doc>
<msg timestamp="20220120 18:20:11.378" level="INFO">Test Url: https://www.thetestingworld.com/testings/</msg>
<status status="PASS" starttime="20220120 18:20:11.377" endtime="20220120 18:20:11.378"/>
</kw>
<status status="PASS" starttime="20220120 18:20:07.075" endtime="20220120 18:20:11.378"/>
</kw>
<kw name="Login to webpage" library="resourses">
<kw name="Click Element" library="SeleniumLibrary">
<arg>xpath:/html/body/div[4]/section/ul/li[2]/label</arg>
<doc>Click the element identified by ``locator``.</doc>
<msg timestamp="20220120 18:20:11.379" level="INFO">Clicking element 'xpath:/html/body/div[4]/section/ul/li[2]/label'.</msg>
<status status="PASS" starttime="20220120 18:20:11.379" endtime="20220120 18:20:11.458"/>
</kw>
<kw name="Input Text" library="SeleniumLibrary">
<arg>xpath://*[@id="tab-content2"]/form/input[2]</arg>
<arg>username</arg>
<doc>Types the given ``text`` into the text field identified by ``locator``.</doc>
<msg timestamp="20220120 18:20:11.459" level="INFO">Typing text 'username' into text field 'xpath://*[@id="tab-content2"]/form/input[2]'.</msg>
<status status="PASS" starttime="20220120 18:20:11.458" endtime="20220120 18:20:11.681"/>
</kw>
<kw name="Log" library="BuiltIn">
<arg>Username:${username}</arg>
<doc>Logs the given message with the given level.</doc>
<msg timestamp="20220120 18:20:11.682" level="INFO">Username:John-the-first</msg>
<status status="PASS" starttime="20220120 18:20:11.681" endtime="20220120 18:20:11.682"/>
</kw>
<kw name="Input Password" library="SeleniumLibrary">
<arg>xpath://*[@id="tab-content2"]/form/input[3]</arg>
<arg>password</arg>
<doc>Types the given password into the text field identified by ``locator``.</doc>
<msg timestamp="20220120 18:20:11.682" level="INFO">Typing password into text field 'xpath://*[@id="tab-content2"]/form/input[3]'.</msg>
<msg timestamp="20220120 18:20:11.734" level="INFO">Temporally setting log level to: NONE</msg>
<msg timestamp="20220120 18:20:11.809" level="INFO">Log level changed from NONE to INFO.</msg>
<status status="PASS" starttime="20220120 18:20:11.682" endtime="20220120 18:20:11.809"/>
</kw>
<kw name="Log" library="BuiltIn">
<arg>Password:${password}</arg>
<doc>Logs the given message with the given level.</doc>
<msg timestamp="20220120 18:20:11.809" level="INFO">Password:QwQ1A2nbvcx</msg>
<status status="PASS" starttime="20220120 18:20:11.809" endtime="20220120 18:20:11.810"/>
</kw>
<kw name="Select Checkbox" library="SeleniumLibrary">
<arg>xpath://*[@id="tab-content2"]/form/div/input[1]</arg>
<doc>Selects the checkbox identified by ``locator``.</doc>
<msg timestamp="20220120 18:20:11.810" level="INFO">Selecting checkbox 'xpath://*[@id="tab-content2"]/form/div/input[1]'.</msg>
<status status="PASS" starttime="20220120 18:20:11.810" endtime="20220120 18:20:11.921"/>
</kw>
<kw name="Click Element" library="SeleniumLibrary">
<arg>xpath://*[@id="tab-content2"]/form/div/input[2]</arg>
<doc>Click the element identified by ``locator``.</doc>
<msg timestamp="20220120 18:20:11.922" level="INFO">Clicking element 'xpath://*[@id="tab-content2"]/form/div/input[2]'.</msg>
<status status="PASS" starttime="20220120 18:20:11.921" endtime="20220120 18:20:12.202"/>
</kw>
<kw name="Capture Page Screenshot" library="SeleniumLibrary">
<doc>Takes a screenshot of the current page and embeds it into a log file.</doc>
<msg timestamp="20220120 18:20:12.446" level="INFO" html="true">&lt;/td&gt;&lt;/tr&gt;&lt;tr&gt;&lt;td colspan="3"&gt;&lt;a href="selenium-screenshot-6.png"&gt;&lt;img src="selenium-screenshot-6.png" width="800px"&gt;&lt;/a&gt;</msg>
<status status="PASS" starttime="20220120 18:20:12.203" endtime="20220120 18:20:12.447"/>
</kw>
<status status="PASS" starttime="20220120 18:20:11.378" endtime="20220120 18:20:12.447"/>
</kw>
<kw name="Close browser and log" library="resourses" type="TEARDOWN">
<kw name="Close Browser" library="SeleniumLibrary">
<doc>Closes the current browser.</doc>
<status status="PASS" starttime="20220120 18:20:12.448" endtime="20220120 18:20:12.583"/>
</kw>
<kw name="Log" library="BuiltIn">
<arg>Finish test.</arg>
<doc>Logs the given message with the given level.</doc>
<msg timestamp="20220120 18:20:12.584" level="INFO">Finish test.</msg>
<status status="PASS" starttime="20220120 18:20:12.583" endtime="20220120 18:20:12.584"/>
</kw>
<status status="PASS" starttime="20220120 18:20:12.447" endtime="20220120 18:20:12.584"/>
</kw>
<tag>login</tag>
<status status="PASS" starttime="20220120 18:20:07.072" endtime="20220120 18:20:12.585"/>
</test>
<doc>Suite description</doc>
<status status="PASS" starttime="20220120 18:19:50.898" endtime="20220120 18:20:12.588"/>
</suite>
<statistics>
<total>
<stat pass="2" fail="0" skip="0">All Tests</stat>
</total>
<tag>
<stat pass="1" fail="0" skip="0">login</stat>
<stat pass="1" fail="0" skip="0">signup</stat>
</tag>
<suite>
<stat pass="2" fail="0" skip="0" id="s1" name="1 Test">1 Test</stat>
</suite>
</statistics>
<errors>
</errors>
</robot>
